INFO ESPHome 2025.12.1
INFO Reading configuration /Users/alexgompper/lutron-tools/rf/esphome/pico-proxy-cc1101.yaml...
INFO Starting log output from pico-trigger.local using esphome API
INFO Successfully resolved pico-trigger.local in 0.159s
INFO Successfully connected to pico-trigger @ 10.1.4.59 in 0.011s
INFO Successful handshake with pico-trigger @ 10.1.4.59 in 0.116s
[23:30:01.775][I][app:194]: ESPHome version 2025.12.1 compiled on Jan  4 2026, 22:05:13
[23:30:01.777][C][logger:261]: Logger:
[23:30:01.777][C][logger:261]:   Max Level: DEBUG
[23:30:01.777][C][logger:261]:   Initial Level: DEBUG
[23:30:01.780][C][logger:267]:   Log Baud Rate: 115200
[23:30:01.780][C][logger:267]:   Hardware UART: UART0
[23:30:01.785][C][logger:274]:   Task Log Buffer Size: 768
[23:30:01.805][C][spi:067]: SPI bus:
[23:30:01.805][C][spi:068]:   CLK Pin: GPIO18
[23:30:01.805][C][spi:069]:   SDI Pin: GPIO19
[23:30:01.807][C][spi:070]:   SDO Pin: GPIO23
[23:30:01.807][C][spi:075]:   Using HW SPI: SPI
[23:30:01.826][C][template.switch:092]: Template Switch 'Beacon Mode'
[23:30:01.826][C][template.switch:092]:   Restore Mode: always OFF
[23:30:01.828][C][template.switch:100]:   Icon: 'mdi:broadcast'
[23:30:01.833][C][template.switch:055]:   Optimistic: YES
[23:30:01.839][C][lutron_cc1101:107]: Lutron CC1101:
[23:30:01.844][C][lutron_cc1101:108]:   Status: OK
[23:30:01.847][C][lutron_cc1101:109]:   RX Enabled: YES
[23:30:01.853][C][lutron_cc1101:110]:   RX Auto: YES
[23:30:01.898][C][wifi:1132]: WiFi:
[23:30:01.898][C][wifi:1132]:   Connected: YES
[23:30:01.899][C][wifi:897]:   Local MAC: 10:06:1C:F2:33:64
[23:30:01.899][C][wifi:904]:   IP Address: 10.1.4.59
[23:30:01.907][C][wifi:908]:   SSID: 'gompper-sage-iot'
[23:30:01.907][C][wifi:908]:   BSSID: 9C:05:D6:56:EE:27
[23:30:01.907][C][wifi:908]:   Hostname: 'pico-trigger'
[23:30:01.907][C][wifi:908]:   Signal strength: -50 dB ▂▄▆█
[23:30:01.907][C][wifi:908]:   Channel: 6
[23:30:01.907][C][wifi:908]:   Subnet: 255.255.255.192
[23:30:01.907][C][wifi:908]:   Gateway: 10.1.4.1
[23:30:01.907][C][wifi:908]:   DNS1: 10.1.3.3
[23:30:01.907][C][wifi:908]:   DNS2: 0.0.0.0
[23:30:01.917][C][esphome.ota:092]: Over-The-Air updates:
[23:30:01.917][C][esphome.ota:092]:   Address: pico-trigger.local:3232
[23:30:01.917][C][esphome.ota:092]:   Version: 2
[23:30:01.918][C][esphome.ota:099]:   Password configured
[23:30:01.927][C][safe_mode:018]: Safe Mode:
[23:30:01.927][C][safe_mode:018]:   Successful after: 60s
[23:30:01.927][C][safe_mode:018]:   Invoke after: 10 attempts
[23:30:01.927][C][safe_mode:018]:   Duration: 300s
[23:30:01.944][C][api:211]: Server:
[23:30:01.944][C][api:211]:   Address: pico-trigger.local:6053
[23:30:01.944][C][api:211]:   Listen backlog: 4
[23:30:01.944][C][api:211]:   Max connections: 8
[23:30:01.944][C][api:218]:   Noise encryption: YES
[23:30:01.949][C][mdns:177]: mDNS:
[23:30:01.949][C][mdns:177]:   Hostname: pico-trigger
[23:30:05.023][I][lutron_cc1101:076]: RX: STATE_RPT | 002C90AD | Level=44% | Seq=1 | RSSI=-59 | CRC=OK
[23:30:05.026][I][lutron_cc1101:102]:   Bytes: 81 01 AD 90 2C 00 21 09 00 07 01 6F CE FE 02 02 00 CC CC CC CC CC E3 CC 
[23:30:05.482][I][lutron_cc1101:076]: RX: STATE_RPT | 002C90AF | Level=44% | Seq=165 | RSSI=-59 | CRC=OK
[23:30:05.483][I][lutron_cc1101:102]:   Bytes: 81 A5 AF 90 2C 00 21 09 00 07 01 6F CE FE 02 02 00 CC CC CC CC CC F0 A2 
[23:30:05.497][D][lutron_decoder:069]: Not enough bits: 232
[23:30:05.617][I][lutron_cc1101:076]: RX: STATE_RPT | 002C90AF | Level=44% | Seq=177 | RSSI=-59 | CRC=OK
[23:30:05.621][I][lutron_cc1101:102]:   Bytes: 81 B1 AF 90 2C 00 21 09 00 07 01 6F CE FE 02 02 00 CC CC CC CC CC 4D 85 
[23:30:05.842][I][lutron_cc1101:076]: RX: STATE_RPT | 002C90AF | Level=44% | Seq=195 | RSSI=-58 | CRC=OK
[23:30:05.853][I][lutron_cc1101:102]:   Bytes: 81 C3 AF 90 2C 00 21 09 00 07 01 6F CE FE 02 02 00 CC CC CC CC CC EC DD 
[23:30:06.848][I][lutron_cc1101:076]: RX: STATE_RPT | 002C90AD | Level=100% | Seq=1 | RSSI=-58 | CRC=OK
[23:30:06.850][I][lutron_cc1101:102]:   Bytes: 82 01 AD 90 2C 00 21 0C 00 FF FF FF FF FF 02 08 07 01 6F CE CC CC 95 DB 
[23:30:06.928][I][lutron_cc1101:076]: RX: STATE_RPT | 002C90AF | Level=100% | Seq=8 | RSSI=-49 | CRC=OK
[23:30:06.934][I][lutron_cc1101:102]:   Bytes: 82 08 AF 90 2C 00 21 0C 00 FF FF FF FF FF 02 08 07 01 6F CE CC CC B0 79 
[23:30:06.987][I][lutron_cc1101:076]: RX: STATE_RPT | 002C90AF | Level=100% | Seq=13 | RSSI=-59 | CRC=OK
[23:30:06.991][I][lutron_cc1101:102]:   Bytes: 82 0D AF 90 2C 00 21 0C 00 FF FF FF FF FF 02 08 07 01 6F CE CC CC ED B3 
[23:30:07.066][I][lutron_cc1101:076]: RX: STATE_RPT | 002C90AF | Level=100% | Seq=19 | RSSI=-59 | CRC=OK
[23:30:07.068][I][lutron_cc1101:102]:   Bytes: 82 13 AF 90 2C 00 21 0C 00 FF FF FF FF FF 02 08 07 01 6F CE CC CC EB 00 
[23:30:07.143][I][lutron_cc1101:076]: RX: STATE_RPT | 002C90AF | Level=100% | Seq=25 | RSSI=-59 | CRC=OK
[23:30:07.148][I][lutron_cc1101:102]:   Bytes: 82 19 AF 90 2C 00 21 0C 00 FF FF FF FF FF 02 08 07 01 6F CE CC CC 50 94 
[23:30:07.219][I][lutron_cc1101:076]: RX: STATE_RPT | 002C90AF | Level=100% | Seq=31 | RSSI=-59 | CRC=OK
[23:30:07.219][I][lutron_cc1101:102]:   Bytes: 82 1F AF 90 2C 00 21 0C 00 FF FF FF FF FF 02 08 07 01 6F CE CC CC 80 1D 
[23:30:07.299][I][lutron_cc1101:076]: RX: STATE_RPT | 002C90AF | Level=100% | Seq=37 | RSSI=-59 | CRC=OK
[23:30:07.304][I][lutron_cc1101:102]:   Bytes: 82 25 AF 90 2C 00 21 0C 00 FF FF FF FF FF 02 08 07 01 6F CE CC CC 5D F2 
[23:30:07.380][I][lutron_cc1101:076]: RX: STATE_RPT | 002C90AF | Level=100% | Seq=44 | RSSI=-49 | CRC=OK
[23:30:07.381][I][lutron_cc1101:102]:   Bytes: 82 2C AF 90 2C 00 21 0C 00 FF FF FF FF FF 02 08 07 01 6F CE CC CC 6B 25 
[23:30:07.455][I][lutron_cc1101:076]: RX: STATE_RPT | 002C90AF | Level=100% | Seq=50 | RSSI=-48 | CRC=OK
[23:30:07.457][I][lutron_cc1101:102]:   Bytes: 82 32 AF 90 2C 00 21 0C 00 FF FF FF FF FF 02 08 07 01 6F CE CC CC 6D 96 
[23:30:07.515][I][lutron_cc1101:076]: RX: STATE_RPT | 002C90AF | Level=100% | Seq=55 | RSSI=-59 | CRC=OK
[23:30:07.520][I][lutron_cc1101:102]:   Bytes: 82 37 AF 90 2C 00 21 0C 00 FF FF FF FF FF 02 08 07 01 6F CE CC CC 30 5C 
[23:30:07.586][I][lutron_cc1101:076]: RX: STATE_RPT | 002C90AF | Level=100% | Seq=61 | RSSI=-59 | CRC=OK
[23:30:07.589][I][lutron_cc1101:102]:   Bytes: 82 3D AF 90 2C 00 21 0C 00 FF FF FF FF FF 02 08 07 01 6F CE CC CC 8B C8 
[23:30:07.670][I][lutron_cc1101:076]: RX: STATE_RPT | 002C90AF | Level=100% | Seq=67 | RSSI=-59 | CRC=OK
[23:30:07.671][I][lutron_cc1101:102]:   Bytes: 82 43 AF 90 2C 00 21 0C 00 FF FF FF FF FF 02 08 07 01 6F CE CC CC 41 8D 
[23:30:07.747][I][lutron_cc1101:076]: RX: STATE_RPT | 002C90AD | Level=100% | Seq=1 | RSSI=-59 | CRC=OK
[23:30:07.749][I][lutron_cc1101:102]:   Bytes: 82 01 AD 90 2C 00 21 0C 00 FF FF FF FF FF 02 08 07 01 6F CE CC CC 95 DB 
[23:30:07.819][I][lutron_cc1101:076]: RX: STATE_RPT | 002C90AF | Level=100% | Seq=7 | RSSI=-59 | CRC=OK
[23:30:07.823][I][lutron_cc1101:102]:   Bytes: 82 07 AF 90 2C 00 21 0C 00 FF FF FF FF FF 02 08 07 01 6F CE CC CC 56 27 
[23:30:07.893][I][lutron_cc1101:076]: RX: STATE_RPT | 002C90AF | Level=100% | Seq=13 | RSSI=-59 | CRC=OK
[23:30:07.895][I][lutron_cc1101:102]:   Bytes: 82 0D AF 90 2C 00 21 0C 00 FF FF FF FF FF 02 08 07 01 6F CE CC CC ED B3 
[23:30:07.965][I][lutron_cc1101:076]: RX: STATE_RPT | 002C90AF | Level=100% | Seq=19 | RSSI=-59 | CRC=OK
[23:30:07.968][I][lutron_cc1101:102]:   Bytes: 82 13 AF 90 2C 00 21 0C 00 FF FF FF FF FF 02 08 07 01 6F CE CC CC EB 00 
[23:30:08.037][I][lutron_cc1101:076]: RX: STATE_RPT | 002C90AF | Level=100% | Seq=25 | RSSI=-59 | CRC=OK
[23:30:08.043][I][lutron_cc1101:102]:   Bytes: 82 19 AF 90 2C 00 21 0C 00 FF FF FF FF FF 02 08 07 01 6F CE CC CC 50 94 
[23:30:08.130][I][lutron_cc1101:076]: RX: STATE_RPT | 002C90AF | Level=100% | Seq=32 | RSSI=-48 | CRC=OK
[23:30:08.131][I][lutron_cc1101:102]:   Bytes: 82 20 AF 90 2C 00 21 0C 00 FF FF FF FF FF 02 08 07 01 6F CE CC CC 00 38 
[23:30:08.204][I][lutron_cc1101:076]: RX: STATE_RPT | 002C90AF | Level=100% | Seq=37 | RSSI=-58 | CRC=OK
[23:30:08.204][I][lutron_cc1101:102]:   Bytes: 82 25 AF 90 2C 00 21 0C 00 FF FF FF FF FF 02 08 07 01 6F CE CC CC 5D F2 
[23:30:08.291][I][lutron_cc1101:076]: RX: STATE_RPT | 002C90AF | Level=100% | Seq=43 | RSSI=-59 | CRC=OK
[23:30:08.291][I][lutron_cc1101:102]:   Bytes: 82 2B AF 90 2C 00 21 0C 00 FF FF FF FF FF 02 08 07 01 6F CE CC CC 79 68 
[23:30:08.398][I][lutron_cc1101:076]: RX: STATE_RPT | 002C90AF | Level=100% | Seq=49 | RSSI=-59 | CRC=OK
[23:30:08.398][I][lutron_cc1101:102]:   Bytes: 82 31 AF 90 2C 00 21 0C 00 FF FF FF FF FF 02 08 07 01 6F CE CC CC E0 D5 
[23:30:08.481][I][lutron_cc1101:076]: RX: STATE_RPT | 002C90AF | Level=100% | Seq=55 | RSSI=-59 | CRC=OK
[23:30:08.481][I][lutron_cc1101:102]:   Bytes: 82 37 AF 90 2C 00 21 0C 00 FF FF FF FF FF 02 08 07 01 6F CE CC CC 30 5C 
[23:30:08.503][I][lutron_cc1101:076]: RX: STATE_RPT | 002C90AF | Level=100% | Seq=61 | RSSI=-59 | CRC=OK
[23:30:08.503][I][lutron_cc1101:102]:   Bytes: 82 3D AF 90 2C 00 21 0C 00 FF FF FF FF FF 02 08 07 01 6F CE CC CC 8B C8 
[23:30:08.584][I][lutron_cc1101:076]: RX: STATE_RPT | 002C90AF | Level=100% | Seq=67 | RSSI=-59 | CRC=OK
[23:30:08.584][I][lutron_cc1101:102]:   Bytes: 82 43 AF 90 2C 00 21 0C 00 FF FF FF FF FF 02 08 07 01 6F CE CC CC 41 8D 
[23:30:08.638][I][lutron_cc1101:076]: RX: STATE_RPT | 002C90AD | Level=100% | Seq=1 | RSSI=-58 | CRC=OK
[23:30:08.642][I][lutron_cc1101:102]:   Bytes: 82 01 AD 90 2C 00 21 0C 00 FF FF FF FF FF 02 08 07 01 6F CE CC CC 95 DB 
[23:30:08.765][I][lutron_cc1101:076]: RX: STATE_RPT | 002C90AF | Level=100% | Seq=8 | RSSI=-48 | CRC=OK
[23:30:08.766][I][lutron_cc1101:102]:   Bytes: 82 08 AF 90 2C 00 21 0C 00 FF FF FF FF FF 02 08 07 01 6F CE CC CC B0 79 
[23:30:08.819][I][lutron_cc1101:076]: RX: STATE_RPT | 002C90AF | Level=100% | Seq=13 | RSSI=-59 | CRC=OK
[23:30:08.819][I][lutron_cc1101:102]:   Bytes: 82 0D AF 90 2C 00 21 0C 00 FF FF FF FF FF 02 08 07 01 6F CE CC CC ED B3 
[23:30:08.870][I][lutron_cc1101:076]: RX: STATE_RPT | 002C90AF | Level=100% | Seq=19 | RSSI=-58 | CRC=OK
[23:30:08.870][I][lutron_cc1101:102]:   Bytes: 82 13 AF 90 2C 00 21 0C 00 FF FF FF FF FF 02 08 07 01 6F CE CC CC EB 00 
[23:30:08.944][I][lutron_cc1101:076]: RX: STATE_RPT | 002C90AF | Level=100% | Seq=25 | RSSI=-58 | CRC=OK
[23:30:08.946][I][lutron_cc1101:102]:   Bytes: 82 19 AF 90 2C 00 21 0C 00 FF FF FF FF FF 02 08 07 01 6F CE CC CC 50 94 
[23:30:09.014][I][lutron_cc1101:076]: RX: STATE_RPT | 002C90AF | Level=100% | Seq=31 | RSSI=-59 | CRC=OK
[23:30:09.019][I][lutron_cc1101:102]:   Bytes: 82 1F AF 90 2C 00 21 0C 00 FF FF FF FF FF 02 08 07 01 6F CE CC CC 80 1D 
[23:30:09.096][I][lutron_cc1101:076]: RX: STATE_RPT | 002C90AF | Level=100% | Seq=37 | RSSI=-59 | CRC=OK
[23:30:09.096][I][lutron_cc1101:102]:   Bytes: 82 25 AF 90 2C 00 21 0C 00 FF FF FF FF FF 02 08 07 01 6F CE CC CC 5D F2 
[23:30:09.178][I][lutron_cc1101:076]: RX: STATE_RPT | 002C90AF | Level=100% | Seq=43 | RSSI=-59 | CRC=OK
[23:30:09.180][I][lutron_cc1101:102]:   Bytes: 82 2B AF 90 2C 00 21 0C 00 FF FF FF FF FF 02 08 07 01 6F CE CC CC 79 68 
[23:30:09.244][I][lutron_cc1101:076]: RX: STATE_RPT | 002C90AF | Level=100% | Seq=49 | RSSI=-59 | CRC=OK
[23:30:09.249][I][lutron_cc1101:102]:   Bytes: 82 31 AF 90 2C 00 21 0C 00 FF FF FF FF FF 02 08 07 01 6F CE CC CC E0 D5 
[23:30:09.316][I][lutron_cc1101:076]: RX: STATE_RPT | 002C90AF | Level=100% | Seq=55 | RSSI=-59 | CRC=OK
[23:30:09.319][I][lutron_cc1101:102]:   Bytes: 82 37 AF 90 2C 00 21 0C 00 FF FF FF FF FF 02 08 07 01 6F CE CC CC 30 5C 
[23:30:09.391][I][lutron_cc1101:076]: RX: STATE_RPT | 002C90AF | Level=100% | Seq=61 | RSSI=-59 | CRC=OK
[23:30:09.394][I][lutron_cc1101:102]:   Bytes: 82 3D AF 90 2C 00 21 0C 00 FF FF FF FF FF 02 08 07 01 6F CE CC CC 8B C8 
[23:30:09.462][I][lutron_cc1101:076]: RX: STATE_RPT | 002C90AF | Level=100% | Seq=67 | RSSI=-58 | CRC=OK
[23:30:09.466][I][lutron_cc1101:102]:   Bytes: 82 43 AF 90 2C 00 21 0C 00 FF FF FF FF FF 02 08 07 01 6F CE CC CC 41 8D 
