INFO ESPHome 2025.12.1
INFO Reading configuration /Users/alexgompper/lutron-tools/rf/esphome/pico-proxy-cc1101.yaml...
INFO Starting log output from pico-trigger.local using esphome API
INFO Successfully resolved pico-trigger.local in 0.273s
INFO Successfully connected to pico-trigger @ 10.1.4.59 in 0.032s
INFO Successful handshake with pico-trigger @ 10.1.4.59 in 0.099s
[23:11:51.263][I][app:194]: ESPHome version 2025.12.1 compiled on Jan  4 2026, 22:05:13
[23:11:51.271][C][logger:261]: Logger:
[23:11:51.271][C][logger:261]:   Max Level: DEBUG
[23:11:51.271][C][logger:261]:   Initial Level: DEBUG
[23:11:51.272][C][logger:267]:   Log Baud Rate: 115200
[23:11:51.272][C][logger:267]:   Hardware UART: UART0
[23:11:51.272][C][logger:274]:   Task Log Buffer Size: 768
[23:11:51.282][C][spi:067]: SPI bus:
[23:11:51.288][C][spi:068]:   CLK Pin: GPIO18
[23:11:51.289][C][spi:069]:   SDI Pin: GPIO19
[23:11:51.293][C][spi:070]:   SDO Pin: GPIO23
[23:11:51.296][C][spi:075]:   Using HW SPI: SPI
[23:11:51.322][C][template.switch:092]: Template Switch 'Beacon Mode'
[23:11:51.322][C][template.switch:092]:   Restore Mode: always OFF
[23:11:51.327][C][template.switch:100]:   Icon: 'mdi:broadcast'
[23:11:51.333][C][template.switch:055]:   Optimistic: YES
[23:11:51.337][C][lutron_cc1101:107]: Lutron CC1101:
[23:11:51.337][C][lutron_cc1101:108]:   Status: OK
[23:11:51.339][C][lutron_cc1101:109]:   RX Enabled: YES
[23:11:51.345][C][lutron_cc1101:110]:   RX Auto: YES
[23:11:51.385][C][wifi:1132]: WiFi:
[23:11:51.385][C][wifi:1132]:   Connected: YES
[23:11:51.390][C][wifi:897]:   Local MAC: 10:06:1C:F2:33:64
[23:11:51.393][C][wifi:904]:   IP Address: 10.1.4.59
[23:11:51.401][C][wifi:908]:   SSID: 'gompper-sage-iot'
[23:11:51.401][C][wifi:908]:   BSSID: 9C:05:D6:56:EE:27
[23:11:51.401][C][wifi:908]:   Hostname: 'pico-trigger'
[23:11:51.401][C][wifi:908]:   Signal strength: -58 dB ▂▄▆█
[23:11:51.401][C][wifi:908]:   Channel: 6
[23:11:51.401][C][wifi:908]:   Subnet: 255.255.255.192
[23:11:51.401][C][wifi:908]:   Gateway: 10.1.4.1
[23:11:51.401][C][wifi:908]:   DNS1: 10.1.3.3
[23:11:51.401][C][wifi:908]:   DNS2: 0.0.0.0
[23:11:51.412][C][esphome.ota:092]: Over-The-Air updates:
[23:11:51.412][C][esphome.ota:092]:   Address: pico-trigger.local:3232
[23:11:51.412][C][esphome.ota:092]:   Version: 2
[23:11:51.412][C][esphome.ota:099]:   Password configured
[23:11:51.439][C][safe_mode:018]: Safe Mode:
[23:11:51.439][C][safe_mode:018]:   Successful after: 60s
[23:11:51.439][C][safe_mode:018]:   Invoke after: 10 attempts
[23:11:51.439][C][safe_mode:018]:   Duration: 300s
[23:11:51.446][C][api:211]: Server:
[23:11:51.446][C][api:211]:   Address: pico-trigger.local:6053
[23:11:51.446][C][api:211]:   Listen backlog: 4
[23:11:51.446][C][api:211]:   Max connections: 8
[23:11:51.446][C][api:218]:   Noise encryption: YES
[23:11:51.452][C][mdns:177]: mDNS:
[23:11:51.452][C][mdns:177]:   Hostname: pico-trigger
[23:11:56.747][I][lutron_cc1101:076]: RX: STATE_RPT | 002C90AD | Level=88% | Seq=1 | RSSI=-46 | CRC=OK
[23:11:56.747][I][lutron_cc1101:102]:   Bytes: 83 01 AD 90 2C 00 21 09 00 07 07 DF 6A FE 02 02 00 CC CC CC CC CC FF 3D 
[23:11:57.228][I][lutron_cc1101:076]: RX: STATE_RPT | 002C90AF | Level=88% | Seq=165 | RSSI=-46 | CRC=OK
[23:11:57.228][I][lutron_cc1101:102]:   Bytes: 83 A5 AF 90 2C 00 21 09 00 07 07 DF 6A FE 02 02 00 CC CC CC CC CC EC 53 
[23:11:57.363][I][lutron_cc1101:076]: RX: STATE_RPT | 002C90AF | Level=88% | Seq=178 | RSSI=-49 | CRC=OK
[23:11:57.363][I][lutron_cc1101:102]:   Bytes: 83 B2 AF 90 2C 00 21 09 00 07 07 DF 6A FE 02 02 00 CC CC CC CC CC DC 37 
[23:11:57.443][D][lutron_decoder:069]: Not enough bits: 224
[23:11:57.501][I][lutron_cc1101:088]: RX: UNKNOWN | 00092100 | Seq=44 | RSSI=-62 | CRC=BAD
[23:11:57.509][I][lutron_cc1101:102]:   Bytes: 90 2C 00 21 09 00 07 07 DF 6A FE 02 02 00 CC CC CC CC CC B7 2A 3F 20 18 
[23:11:57.568][I][lutron_cc1101:076]: RX: STATE_RPT | 002C90AF | Level=88% | Seq=195 | RSSI=-46 | CRC=OK
[23:11:57.581][I][lutron_cc1101:102]:   Bytes: 83 C3 AF 90 2C 00 21 09 00 07 07 DF 6A FE 02 02 00 CC CC CC CC CC F0 2C 
[23:11:58.588][I][lutron_cc1101:076]: RX: STATE_RPT | 002C90AD | Level=100% | Seq=1 | RSSI=-47 | CRC=OK
[23:11:58.588][I][lutron_cc1101:102]:   Bytes: 81 01 AD 90 2C 00 21 0C 00 FF FF FF FF FF 02 08 07 07 DF 6A CC CC 7B A3 
[23:11:58.628][I][lutron_cc1101:076]: RX: STATE_RPT | 002C90AF | Level=100% | Seq=7 | RSSI=-47 | CRC=OK
[23:11:58.634][I][lutron_cc1101:102]:   Bytes: 81 07 AF 90 2C 00 21 0C 00 FF FF FF FF FF 02 08 07 07 DF 6A CC CC B8 5F 
[23:11:58.707][I][lutron_cc1101:076]: RX: STATE_RPT | 002C90AF | Level=100% | Seq=13 | RSSI=-46 | CRC=OK
[23:11:58.712][I][lutron_cc1101:102]:   Bytes: 81 0D AF 90 2C 00 21 0C 00 FF FF FF FF FF 02 08 07 07 DF 6A CC CC 03 CB 
[23:11:58.773][I][lutron_cc1101:076]: RX: STATE_RPT | 002C90AF | Level=100% | Seq=19 | RSSI=-47 | CRC=OK
[23:11:58.777][I][lutron_cc1101:102]:   Bytes: 81 13 AF 90 2C 00 21 0C 00 FF FF FF FF FF 02 08 07 07 DF 6A CC CC 05 78 
[23:11:58.867][I][lutron_cc1101:076]: RX: STATE_RPT | 002C90AF | Level=100% | Seq=26 | RSSI=-49 | CRC=OK
[23:11:58.869][I][lutron_cc1101:102]:   Bytes: 81 1A AF 90 2C 00 21 0C 00 FF FF FF FF FF 02 08 07 07 DF 6A CC CC 33 AF 
[23:11:58.929][I][lutron_cc1101:076]: RX: STATE_RPT | 002C90AF | Level=100% | Seq=31 | RSSI=-47 | CRC=OK
[23:11:58.936][I][lutron_cc1101:102]:   Bytes: 81 1F AF 90 2C 00 21 0C 00 FF FF FF FF FF 02 08 07 07 DF 6A CC CC 6E 65 
[23:11:59.008][I][lutron_cc1101:076]: RX: STATE_RPT | 002C90AF | Level=100% | Seq=37 | RSSI=-47 | CRC=OK
[23:11:59.009][I][lutron_cc1101:102]:   Bytes: 81 25 AF 90 2C 00 21 0C 00 FF FF FF FF FF 02 08 07 07 DF 6A CC CC B3 8A 
[23:11:59.079][I][lutron_cc1101:076]: RX: STATE_RPT | 002C90AF | Level=100% | Seq=43 | RSSI=-48 | CRC=OK
[23:11:59.084][I][lutron_cc1101:102]:   Bytes: 81 2B AF 90 2C 00 21 0C 00 FF FF FF FF FF 02 08 07 07 DF 6A CC CC 97 10 
[23:11:59.154][I][lutron_cc1101:076]: RX: STATE_RPT | 002C90AF | Level=100% | Seq=49 | RSSI=-48 | CRC=OK
[23:11:59.154][I][lutron_cc1101:102]:   Bytes: 81 31 AF 90 2C 00 21 0C 00 FF FF FF FF FF 02 08 07 07 DF 6A CC CC 0E AD 
[23:11:59.223][I][lutron_cc1101:076]: RX: STATE_RPT | 002C90AF | Level=100% | Seq=55 | RSSI=-48 | CRC=OK
[23:11:59.226][I][lutron_cc1101:102]:   Bytes: 81 37 AF 90 2C 00 21 0C 00 FF FF FF FF FF 02 08 07 07 DF 6A CC CC DE 24 
[23:11:59.307][I][lutron_cc1101:076]: RX: STATE_RPT | 002C90AF | Level=100% | Seq=61 | RSSI=-48 | CRC=OK
[23:11:59.307][I][lutron_cc1101:102]:   Bytes: 81 3D AF 90 2C 00 21 0C 00 FF FF FF FF FF 02 08 07 07 DF 6A CC CC 65 B0 
[23:11:59.378][I][lutron_cc1101:076]: RX: STATE_RPT | 002C90AF | Level=100% | Seq=67 | RSSI=-48 | CRC=OK
[23:11:59.382][I][lutron_cc1101:102]:   Bytes: 81 43 AF 90 2C 00 21 0C 00 FF FF FF FF FF 02 08 07 07 DF 6A CC CC AF F5 
[23:11:59.453][I][lutron_cc1101:076]: RX: STATE_RPT | 002C90AD | Level=100% | Seq=1 | RSSI=-48 | CRC=OK
[23:11:59.455][I][lutron_cc1101:102]:   Bytes: 81 01 AD 90 2C 00 21 0C 00 FF FF FF FF FF 02 08 07 07 DF 6A CC CC 7B A3 
[23:11:59.525][I][lutron_cc1101:076]: RX: STATE_RPT | 002C90AF | Level=100% | Seq=7 | RSSI=-48 | CRC=OK
[23:11:59.528][I][lutron_cc1101:102]:   Bytes: 81 07 AF 90 2C 00 21 0C 00 FF FF FF FF FF 02 08 07 07 DF 6A CC CC B8 5F 
[23:11:59.616][I][lutron_cc1101:076]: RX: STATE_RPT | 002C90AF | Level=100% | Seq=13 | RSSI=-48 | CRC=OK
[23:11:59.616][I][lutron_cc1101:102]:   Bytes: 81 0D AF 90 2C 00 21 0C 00 FF FF FF FF FF 02 08 07 07 DF 6A CC CC 03 CB 
[23:11:59.684][I][lutron_cc1101:076]: RX: STATE_RPT | 002C90AF | Level=100% | Seq=19 | RSSI=-48 | CRC=OK
[23:11:59.684][I][lutron_cc1101:102]:   Bytes: 81 13 AF 90 2C 00 21 0C 00 FF FF FF FF FF 02 08 07 07 DF 6A CC CC 05 78 
[23:11:59.754][I][lutron_cc1101:076]: RX: STATE_RPT | 002C90AF | Level=100% | Seq=25 | RSSI=-48 | CRC=OK
[23:11:59.757][I][lutron_cc1101:102]:   Bytes: 81 19 AF 90 2C 00 21 0C 00 FF FF FF FF FF 02 08 07 07 DF 6A CC CC BE EC 
[23:11:59.983][I][lutron_cc1101:076]: RX: STATE_RPT | 002C90AF | Level=100% | Seq=43 | RSSI=-48 | CRC=OK
[23:11:59.983][I][lutron_cc1101:102]:   Bytes: 81 2B AF 90 2C 00 21 0C 00 FF FF FF FF FF 02 08 07 07 DF 6A CC CC 97 10 
[23:12:00.067][I][lutron_cc1101:076]: RX: STATE_RPT | 002C90AF | Level=100% | Seq=50 | RSSI=-49 | CRC=OK
[23:12:00.069][I][lutron_cc1101:102]:   Bytes: 81 32 AF 90 2C 00 21 0C 00 FF FF FF FF FF 02 08 07 07 DF 6A CC CC 83 EE 
[23:12:00.127][D][lutron_decoder:069]: Not enough bits: 224
[23:12:00.146][I][lutron_cc1101:076]: RX: STATE_RPT | 002C90AF | Level=100% | Seq=56 | RSSI=-49 | CRC=OK
[23:12:00.147][I][lutron_cc1101:102]:   Bytes: 81 38 AF 90 2C 00 21 0C 00 FF FF FF FF FF 02 08 07 07 DF 6A CC CC 38 7A 
[23:12:00.207][I][lutron_cc1101:076]: RX: STATE_RPT | 002C90AF | Level=100% | Seq=61 | RSSI=-48 | CRC=OK
[23:12:00.208][I][lutron_cc1101:102]:   Bytes: 81 3D AF 90 2C 00 21 0C 00 FF FF FF FF FF 02 08 07 07 DF 6A CC CC 65 B0 
[23:12:00.279][I][lutron_cc1101:076]: RX: STATE_RPT | 002C90AF | Level=100% | Seq=67 | RSSI=-48 | CRC=OK
[23:12:00.282][I][lutron_cc1101:102]:   Bytes: 81 43 AF 90 2C 00 21 0C 00 FF FF FF FF FF 02 08 07 07 DF 6A CC CC AF F5 
[23:12:00.359][I][lutron_cc1101:076]: RX: STATE_RPT | 002C90AD | Level=100% | Seq=1 | RSSI=-48 | CRC=OK
[23:12:00.363][I][lutron_cc1101:102]:   Bytes: 81 01 AD 90 2C 00 21 0C 00 FF FF FF FF FF 02 08 07 07 DF 6A CC CC 7B A3 
[23:12:00.441][I][lutron_cc1101:076]: RX: STATE_RPT | 002C90AF | Level=100% | Seq=8 | RSSI=-49 | CRC=OK
[23:12:00.454][I][lutron_cc1101:102]:   Bytes: 81 08 AF 90 2C 00 21 0C 00 FF FF FF FF FF 02 08 07 07 DF 6A CC CC 5E 01 
[23:12:00.504][I][lutron_cc1101:076]: RX: STATE_RPT | 002C90AF | Level=100% | Seq=13 | RSSI=-49 | CRC=OK
[23:12:00.507][I][lutron_cc1101:102]:   Bytes: 81 0D AF 90 2C 00 21 0C 00 FF FF FF FF FF 02 08 07 07 DF 6A CC CC 03 CB 
[23:12:00.588][I][lutron_cc1101:076]: RX: STATE_RPT | 002C90AF | Level=100% | Seq=19 | RSSI=-49 | CRC=OK
[23:12:00.599][I][lutron_cc1101:102]:   Bytes: 81 13 AF 90 2C 00 21 0C 00 FF FF FF FF FF 02 08 07 07 DF 6A CC CC 05 78 
[23:12:00.648][I][lutron_cc1101:076]: RX: STATE_RPT | 002C90AF | Level=100% | Seq=25 | RSSI=-49 | CRC=OK
[23:12:00.668][I][lutron_cc1101:102]:   Bytes: 81 19 AF 90 2C 00 21 0C 00 FF FF FF FF FF 02 08 07 07 DF 6A CC CC BE EC 
[23:12:00.763][I][lutron_cc1101:076]: RX: STATE_RPT | 002C90AF | Level=100% | Seq=31 | RSSI=-50 | CRC=OK
[23:12:00.763][I][lutron_cc1101:102]:   Bytes: 81 1F AF 90 2C 00 21 0C 00 FF FF FF FF FF 02 08 07 07 DF 6A CC CC 6E 65 
[23:12:00.804][I][lutron_cc1101:076]: RX: STATE_RPT | 002C90AF | Level=100% | Seq=37 | RSSI=-49 | CRC=OK
[23:12:00.806][I][lutron_cc1101:102]:   Bytes: 81 25 AF 90 2C 00 21 0C 00 FF FF FF FF FF 02 08 07 07 DF 6A CC CC B3 8A 
[23:12:00.876][I][lutron_cc1101:076]: RX: STATE_RPT | 002C90AF | Level=100% | Seq=43 | RSSI=-49 | CRC=OK
[23:12:00.880][I][lutron_cc1101:102]:   Bytes: 81 2B AF 90 2C 00 21 0C 00 FF FF FF FF FF 02 08 07 07 DF 6A CC CC 97 10 
[23:12:00.956][I][lutron_cc1101:076]: RX: STATE_RPT | 002C90AF | Level=100% | Seq=49 | RSSI=-49 | CRC=OK
[23:12:00.960][I][lutron_cc1101:102]:   Bytes: 81 31 AF 90 2C 00 21 0C 00 FF FF FF FF FF 02 08 07 07 DF 6A CC CC 0E AD 
[23:12:01.030][I][lutron_cc1101:076]: RX: STATE_RPT | 002C90AF | Level=100% | Seq=55 | RSSI=-48 | CRC=OK
[23:12:01.035][I][lutron_cc1101:102]:   Bytes: 81 37 AF 90 2C 00 21 0C 00 FF FF FF FF FF 02 08 07 07 DF 6A CC CC DE 24 
[23:12:01.103][I][lutron_cc1101:076]: RX: STATE_RPT | 002C90AF | Level=100% | Seq=61 | RSSI=-48 | CRC=OK
[23:12:01.106][I][lutron_cc1101:102]:   Bytes: 81 3D AF 90 2C 00 21 0C 00 FF FF FF FF FF 02 08 07 07 DF 6A CC CC 65 B0 
[23:12:01.174][I][lutron_cc1101:076]: RX: STATE_RPT | 002C90AF | Level=100% | Seq=67 | RSSI=-48 | CRC=OK
[23:12:01.178][I][lutron_cc1101:102]:   Bytes: 81 43 AF 90 2C 00 21 0C 00 FF FF FF FF FF 02 08 07 07 DF 6A CC CC AF F5 
